<?xml version="1.0" encoding="UTF-8"?>
<!-- Generated by org.testng.reporters.JUnitReportReporter -->
<testsuite hostname="PRO-IND-500" name="manager_tests.Workday_ManagerActions_ChangeEmployeeWorkLocation" tests="1" failures="0" timestamp="19 Dec 2017 07:20:20 GMT" time="114.861" errors="0">
  <testcase name="ChangeEmployeeWorkLocation" time="114.861" classname="manager_tests.Workday_ManagerActions_ChangeEmployeeWorkLocation"/>
</testsuite> <!-- manager_tests.Workday_ManagerActions_ChangeEmployeeWorkLocation -->
