<?xml version="1.0" encoding="UTF-8"?>
<!-- Generated by org.testng.reporters.JUnitReportReporter -->
<testsuite hostname="PRO-IND-500" name="employee_tests.Workday_ChangeEmployeeContactInformation_Primaryaddress" tests="1" failures="0" timestamp="26 Dec 2017 11:26:28 GMT" time="118.653" errors="0">
  <testcase name="changePrimaryAddress" time="118.653" classname="employee_tests.Workday_ChangeEmployeeContactInformation_Primaryaddress"/>
</testsuite> <!-- employee_tests.Workday_ChangeEmployeeContactInformation_Primaryaddress -->
