<?xml version="1.0" encoding="UTF-8"?>
<!-- Generated by org.testng.reporters.JUnitReportReporter -->
<testsuite hostname="PRO-IND-500" name="manager_tests.Wrkday_ManagerActions_VoluntaryTermination" tests="1" failures="0" timestamp="19 Dec 2017 06:50:01 GMT" time="65.283" errors="0">
  <testcase name="VoluntaryTerminate" time="65.283" classname="manager_tests.Wrkday_ManagerActions_VoluntaryTermination"/>
</testsuite> <!-- manager_tests.Wrkday_ManagerActions_VoluntaryTermination -->
