<?xml version="1.0" encoding="UTF-8"?>
<!-- Generated by org.testng.reporters.JUnitReportReporter -->
<testsuite hostname="PRO-IND-500" name="manager_tests.Workday_ManagerActions_ChangeEmployeeWorkLocation_MultipleReports" tests="1" failures="1" timestamp="13 Dec 2017 07:34:33 GMT" time="0.000" errors="0">
  <testcase name="ChangeEmployeeWorkLocation" time="0.000" classname="manager_tests.Workday_ManagerActions_ChangeEmployeeWorkLocation_MultipleReports">
    <failure type="org.testng.TestNGException" message="
Parameter &#039;prjName&#039; is required by @Test on method ChangeEmployeeWorkLocation but has not been marked @Optional or defined
in C:\Users\tgupta\AppData\Local\Temp\testng-eclipse--1379611571\testng-customsuite.xml">
      <![CDATA[org.testng.TestNGException: 
Parameter 'prjName' is required by @Test on method ChangeEmployeeWorkLocation but has not been marked @Optional or defined
in C:\Users\tgupta\AppData\Local\Temp\testng-eclipse--1379611571\testng-customsuite.xml
	at org.testng.internal.Parameters.createParameters(Parameters.java:155)
	at org.testng.internal.Parameters.createParameters(Parameters.java:358)
	at org.testng.internal.Parameters.handleParameters(Parameters.java:450)
	at org.testng.internal.Invoker.handleParameters(Invoker.java:1383)
	at org.testng.internal.Invoker.createParameters(Invoker.java:1075)
	at org.testng.internal.Invoker.invokeTestMethods(Invoker.java:1180)
	at org.testng.internal.TestMethodWorker.invokeTestMethods(TestMethodWorker.java:127)
	at org.testng.internal.TestMethodWorker.run(TestMethodWorker.java:111)
	at org.testng.TestRunner.privateRun(TestRunner.java:767)
	at org.testng.TestRunner.run(TestRunner.java:617)
	at org.testng.SuiteRunner.runTest(SuiteRunner.java:334)
	at org.testng.SuiteRunner.runSequentially(SuiteRunner.java:329)
	at org.testng.SuiteRunner.privateRun(SuiteRunner.java:291)
	at org.testng.SuiteRunner.run(SuiteRunner.java:240)
	at org.testng.SuiteRunnerWorker.runSuite(SuiteRunnerWorker.java:52)
	at org.testng.SuiteRunnerWorker.run(SuiteRunnerWorker.java:86)
	at org.testng.TestNG.runSuitesSequentially(TestNG.java:1224)
	at org.testng.TestNG.runSuitesLocally(TestNG.java:1149)
	at org.testng.TestNG.run(TestNG.java:1057)
	at org.testng.remote.AbstractRemoteTestNG.run(AbstractRemoteTestNG.java:114)
	at org.testng.remote.RemoteTestNG.initAndRun(RemoteTestNG.java:251)
	at org.testng.remote.RemoteTestNG.main(RemoteTestNG.java:77)
]]>
    </failure>
  </testcase> <!-- ChangeEmployeeWorkLocation -->
</testsuite> <!-- manager_tests.Workday_ManagerActions_ChangeEmployeeWorkLocation_MultipleReports -->
