<?xml version="1.0" encoding="UTF-8"?>
<!-- Generated by org.testng.reporters.JUnitReportReporter -->
<testsuite hostname="PRO-IND-500" name="employee_tests.Workday_ChangeEmployeeVeteranStatus" tests="1" failures="0" timestamp="19 Dec 2017 06:50:01 GMT" time="38.897" errors="0">
  <testcase name="changeVeteranStatus" time="38.897" classname="employee_tests.Workday_ChangeEmployeeVeteranStatus"/>
</testsuite> <!-- employee_tests.Workday_ChangeEmployeeVeteranStatus -->
