<?xml version="1.0" encoding="UTF-8"?>
<!-- Generated by org.testng.reporters.JUnitReportReporter -->
<testsuite hostname="PRO-IND-500" name="manager_tests.Wrkday_ManagerActions_VolunTermCommut" tests="1" failures="0" timestamp="5 Dec 2017 09:58:43 GMT" time="878.286" errors="0">
  <testcase name="VolTermCommut" time="878.286" classname="manager_tests.Wrkday_ManagerActions_VolunTermCommut"/>
</testsuite> <!-- manager_tests.Wrkday_ManagerActions_VolunTermCommut -->
