<?xml version="1.0" encoding="UTF-8"?>
<!-- Generated by org.testng.reporters.JUnitReportReporter -->
<testsuite hostname="PRO-IND-500" name="manager_tests.Wrkday_ManagerActions_ChngEmpWrkLoc" tests="1" failures="0" timestamp="5 Dec 2017 09:34:57 GMT" time="1177.652" errors="0">
  <testcase name="chgEmpWrkLoc" time="1177.652" classname="manager_tests.Wrkday_ManagerActions_ChngEmpWrkLoc"/>
</testsuite> <!-- manager_tests.Wrkday_ManagerActions_ChngEmpWrkLoc -->
