<?xml version="1.0" encoding="UTF-8"?>
<!-- Generated by org.testng.reporters.JUnitReportReporter -->
<testsuite hostname="PRO-IND-507" name="Wrkday_Demo1.Wrkday_Demo1.NewTest" tests="1" failures="0" timestamp="30 May 2017 10:48:52 GMT" time="0.000" errors="0">
  <testcase name="f" time="0.000" classname="Wrkday_Demo1.Wrkday_Demo1.NewTest"/>
</testsuite> <!-- Wrkday_Demo1.Wrkday_Demo1.NewTest -->
