<?xml version="1.0" encoding="UTF-8"?>
<!-- Generated by org.testng.reporters.JUnitReportReporter -->
<testsuite hostname="PRO-IND-500" name="employee_tests.Wrkday_EmployeeDetailsChange_Primaryaddress" tests="1" failures="0" timestamp="5 Dec 2017 07:38:41 GMT" time="1369.716" errors="0">
  <testcase name="primryAddrChng" time="1369.716" classname="employee_tests.Wrkday_EmployeeDetailsChange_Primaryaddress"/>
</testsuite> <!-- employee_tests.Wrkday_EmployeeDetailsChange_Primaryaddress -->
