<?xml version="1.0" encoding="UTF-8"?>
<!-- Generated by org.testng.reporters.JUnitReportReporter -->
<testsuite hostname="PRO-IND-500" name="employee_tests.Workday_ChangeEmployeeContactInformation_Primaryaddress" tests="1" failures="0" timestamp="27 Dec 2017 10:23:46 GMT" time="132.893" errors="0">
  <testcase name="changePrimaryAddress" time="132.893" classname="employee_tests.Workday_ChangeEmployeeContactInformation_Primaryaddress"/>
</testsuite> <!-- employee_tests.Workday_ChangeEmployeeContactInformation_Primaryaddress -->
