<?xml version="1.0" encoding="UTF-8"?>
<!-- Generated by org.testng.reporters.JUnitReportReporter -->
<testsuite hostname="PRO-IND-500" name="employee_tests.Workday_ChangeEmployeeVeteranStatus" tests="1" failures="0" timestamp="13 Dec 2017 10:22:03 GMT" time="35.958" errors="0">
  <testcase name="changeVeteranStatus" time="35.958" classname="employee_tests.Workday_ChangeEmployeeVeteranStatus"/>
</testsuite> <!-- employee_tests.Workday_ChangeEmployeeVeteranStatus -->
